<?xml version="1.0" encoding="UTF-8"?>
<!-- Generated by org.testng.reporters.JUnitXMLReporter -->
<testsuite hostname="Admin-PC" name="Selenium Grid Parallel Tests" tests="4" failures="0" timestamp="5 Jun 2020 16:31:53 GMT" time="33.827" errors="0">
  <testcase name="@BeforeMethod setUp" time="0.0" classname="com.Grid.Tests.AmazonTest">
    <failure type="org.openqa.selenium.WebDriverException" message="Session [0f8b83596a17e4f9032da1f15a5cd12a] not available and is not among the last 1000 terminated sessions.
Active sessions are[ext. key cd6bf8c4eff47acf0fd25a40071099c3, ext. key 5aed1c7bc7d3f1a32e9d06209e511481, ext. key d292c1b6ae797a482d9a113514c8e70a]
Build info: version: &amp;apos;3.141.59&amp;apos;, revision: &amp;apos;e82be7d358&amp;apos;, time: &amp;apos;2018-11-14T08:17:03&amp;apos;
System info: host: &amp;apos;ADMIN-PC&amp;apos;, ip: &amp;apos;192.168.56.1&amp;apos;, os.name: &amp;apos;Windows 7&amp;apos;, os.arch: &amp;apos;amd64&amp;apos;, os.version: &amp;apos;6.1&amp;apos;, java.version: &amp;apos;1.8.0_211&amp;apos;
Driver info: org.openqa.selenium.remote.RemoteWebDriver
Capabilities {acceptInsecureCerts: false, browserName: chrome, browserVersion: 83.0.4103.61, chrome: {chromedriverVersion: 83.0.4103.39 (ccbf011cb2d2b..., userDataDir: C:\Users\Admin\AppData\Loca...}, goog:chromeOptions: {debuggerAddress: localhost:50160}, javascriptEnabled: true, networkConnectionEnabled: false, pageLoadStrategy: normal, platform: WINDOWS, platformName: WINDOWS, proxy: Proxy(), setWindowRect: true, strictFileInteractability: false, timeouts: {implicit: 0, pageLoad: 300000, script: 30000}, unhandledPromptBehavior: dismiss and notify, webauthn:virtualAuthenticators: true, webdriver.remote.sessionid: 0f8b83596a17e4f9032da1f15a5...}
Session ID: 0f8b83596a17e4f9032da1f15a5cd12a">
      <![CDATA[org.openqa.selenium.WebDriverException: Session [0f8b83596a17e4f9032da1f15a5cd12a] not available and is not among the last 1000 terminated sessions.
Active sessions are[ext. key cd6bf8c4eff47acf0fd25a40071099c3, ext. key 5aed1c7bc7d3f1a32e9d06209e511481, ext. key d292c1b6ae797a482d9a113514c8e70a]
Build info: version: '3.141.59', revision: 'e82be7d358', time: '2018-11-14T08:17:03'
System info: host: 'ADMIN-PC', ip: '192.168.56.1', os.name: 'Windows 7', os.arch: 'amd64', os.version: '6.1', java.version: '1.8.0_211'
Driver info: org.openqa.selenium.remote.RemoteWebDriver
Capabilities {acceptInsecureCerts: false, browserName: chrome, browserVersion: 83.0.4103.61, chrome: {chromedriverVersion: 83.0.4103.39 (ccbf011cb2d2b..., userDataDir: C:\Users\Admin\AppData\Loca...}, goog:chromeOptions: {debuggerAddress: localhost:50160}, javascriptEnabled: true, networkConnectionEnabled: false, pageLoadStrategy: normal, platform: WINDOWS, platformName: WINDOWS, proxy: Proxy(), setWindowRect: true, strictFileInteractability: false, timeouts: {implicit: 0, pageLoad: 300000, script: 30000}, unhandledPromptBehavior: dismiss and notify, webauthn:virtualAuthenticators: true, webdriver.remote.sessionid: 0f8b83596a17e4f9032da1f15a5...}
Session ID: 0f8b83596a17e4f9032da1f15a5cd12a
	at org.openqa.selenium.remote.http.W3CHttpResponseCodec.createException(W3CHttpResponseCodec.java:187)
	at org.openqa.selenium.remote.http.W3CHttpResponseCodec.decode(W3CHttpResponseCodec.java:122)
	at org.openqa.selenium.remote.http.W3CHttpResponseCodec.decode(W3CHttpResponseCodec.java:49)
	at org.openqa.selenium.remote.HttpCommandExecutor.execute(HttpCommandExecutor.java:158)
	at org.openqa.selenium.remote.RemoteWebDriver.execute(RemoteWebDriver.java:552)
	at org.openqa.selenium.remote.RemoteWebDriver.execute(RemoteWebDriver.java:609)
	at org.openqa.selenium.remote.RemoteWebDriver$RemoteWebDriverOptions$RemoteWindow.maximize(RemoteWebDriver.java:837)
	at com.Grid.BaseClass.TestBase.initializeDriver(TestBase.java:30)
	at com.Grid.Tests.AmazonTest.setUp(AmazonTest.java:21)
	at java.util.concurrent.ThreadPoolExecutor.runWorker(ThreadPoolExecutor.java:1149)
	at java.util.concurrent.ThreadPoolExecutor$Worker.run(ThreadPoolExecutor.java:624)
	at java.lang.Thread.run(Thread.java:748)
... Removed 16 stack frames]]>
    </failure>
  </testcase> <!-- @BeforeMethod setUp -->
  <testcase name="amazonTest_1" time="6.182" classname="com.Grid.Tests.AmazonTest"/>
  <testcase name="githubTest_1" time="24.335" classname="com.Grid.Tests.GithubTest"/>
  <testcase name="githubTest_2" time="13.313" classname="com.Grid.Tests.GithubTest"/>
  <testcase name="amazonTest_2" time="0.001" classname="com.Grid.Tests.AmazonTest">
    <skipped/>
  </testcase> <!-- amazonTest_2 -->
</testsuite> <!-- Selenium Grid Parallel Tests -->
